<?xml version="1.0" encoding="UTF-8"?>
<testsuite xmlns:xsi="http://www.w3.org/2001/XMLSchema-instance" xsi:noNamespaceSchemaLocation="https://maven.apache.org/surefire/maven-surefire-plugin/xsd/surefire-test-report.xsd" name="com.guru99.runners.TestRunner" time="28.708" tests="1" errors="1" skipped="0" failures="0">
  <properties>
    <property name="gopherProxySet" value="false"/>
    <property name="awt.toolkit" value="sun.lwawt.macosx.LWCToolkit"/>
    <property name="file.encoding.pkg" value="sun.io"/>
    <property name="java.specification.version" value="1.8"/>
    <property name="sun.cpu.isalist" value=""/>
    <property name="sun.jnu.encoding" value="UTF-8"/>
    <property name="java.class.path" value="/Users/Shared/Jenkins/Home/workspace/bankguru99/target/test-classes:/Users/Shared/Jenkins/Home/workspace/bankguru99/target/classes:/Users/Shared/Jenkins/.m2/repository/junit/junit/4.12/junit-4.12.jar:/Users/Shared/Jenkins/.m2/repository/org/hamcrest/hamcrest-core/1.3/hamcrest-core-1.3.jar:/Users/Shared/Jenkins/.m2/repository/de/monochromata/cucumber/reporting-plugin/4.0.6/reporting-plugin-4.0.6.jar:/Users/Shared/Jenkins/.m2/repository/io/cucumber/cucumber-core/4.8.0/cucumber-core-4.8.0.jar:/Users/Shared/Jenkins/.m2/repository/io/cucumber/tag-expressions/1.1.1/tag-expressions-1.1.1.jar:/Users/Shared/Jenkins/.m2/repository/io/cucumber/cucumber-expressions/7.0.2/cucumber-expressions-7.0.2.jar:/Users/Shared/Jenkins/.m2/repository/io/cucumber/datatable/1.1.14/datatable-1.1.14.jar:/Users/Shared/Jenkins/.m2/repository/io/cucumber/datatable-dependencies/1.1.14/datatable-dependencies-1.1.14.jar:/Users/Shared/Jenkins/.m2/repository/io/cucumber/gherkin/5.1.0/gherkin-5.1.0.jar:/Users/Shared/Jenkins/.m2/repository/io/cucumber/gherkin-jvm-deps/1.0.4/gherkin-jvm-deps-1.0.4.jar:/Users/Shared/Jenkins/.m2/repository/net/masterthought/cucumber-reporting/5.0.1/cucumber-reporting-5.0.1.jar:/Users/Shared/Jenkins/.m2/repository/com/fasterxml/jackson/core/jackson-databind/2.10.1/jackson-databind-2.10.1.jar:/Users/Shared/Jenkins/.m2/repository/com/fasterxml/jackson/core/jackson-annotations/2.10.1/jackson-annotations-2.10.1.jar:/Users/Shared/Jenkins/.m2/repository/com/fasterxml/jackson/core/jackson-core/2.10.1/jackson-core-2.10.1.jar:/Users/Shared/Jenkins/.m2/repository/com/fasterxml/jackson/datatype/jackson-datatype-jsr310/2.10.1/jackson-datatype-jsr310-2.10.1.jar:/Users/Shared/Jenkins/.m2/repository/org/apache/velocity/velocity-engine-core/2.1/velocity-engine-core-2.1.jar:/Users/Shared/Jenkins/.m2/repository/commons-collections/commons-collections/3.2.2/commons-collections-3.2.2.jar:/Users/Shared/Jenkins/.m2/repository/joda-time/joda-time/2.10.2/joda-time-2.10.2.jar:/Users/Shared/Jenkins/.m2/repository/org/codehaus/plexus/plexus-utils/3.2.0/plexus-utils-3.2.0.jar:/Users/Shared/Jenkins/.m2/repository/com/googlecode/owasp-java-html-sanitizer/owasp-java-html-sanitizer/20190610.1/owasp-java-html-sanitizer-20190610.1.jar:/Users/Shared/Jenkins/.m2/repository/commons-configuration/commons-configuration/1.10/commons-configuration-1.10.jar:/Users/Shared/Jenkins/.m2/repository/commons-lang/commons-lang/2.6/commons-lang-2.6.jar:/Users/Shared/Jenkins/.m2/repository/io/github/bonigarcia/webdrivermanager/3.7.1/webdrivermanager-3.7.1.jar:/Users/Shared/Jenkins/.m2/repository/org/slf4j/slf4j-api/1.7.25/slf4j-api-1.7.25.jar:/Users/Shared/Jenkins/.m2/repository/commons-io/commons-io/2.6/commons-io-2.6.jar:/Users/Shared/Jenkins/.m2/repository/com/google/code/gson/gson/2.8.5/gson-2.8.5.jar:/Users/Shared/Jenkins/.m2/repository/org/apache/commons/commons-lang3/3.8.1/commons-lang3-3.8.1.jar:/Users/Shared/Jenkins/.m2/repository/org/apache/httpcomponents/httpclient/4.5.6/httpclient-4.5.6.jar:/Users/Shared/Jenkins/.m2/repository/org/apache/httpcomponents/httpcore/4.4.10/httpcore-4.4.10.jar:/Users/Shared/Jenkins/.m2/repository/commons-logging/commons-logging/1.2/commons-logging-1.2.jar:/Users/Shared/Jenkins/.m2/repository/commons-codec/commons-codec/1.10/commons-codec-1.10.jar:/Users/Shared/Jenkins/.m2/repository/org/rauschig/jarchivelib/1.0.0/jarchivelib-1.0.0.jar:/Users/Shared/Jenkins/.m2/repository/org/apache/commons/commons-compress/1.18/commons-compress-1.18.jar:/Users/Shared/Jenkins/.m2/repository/org/jsoup/jsoup/1.11.3/jsoup-1.11.3.jar:/Users/Shared/Jenkins/.m2/repository/org/seleniumhq/selenium/selenium-server/3.141.59/selenium-server-3.141.59.jar:/Users/Shared/Jenkins/.m2/repository/org/seleniumhq/selenium/selenium-api/3.141.59/selenium-api-3.141.59.jar:/Users/Shared/Jenkins/.m2/repository/org/seleniumhq/selenium/selenium-chrome-driver/3.141.59/selenium-chrome-driver-3.141.59.jar:/Users/Shared/Jenkins/.m2/repository/org/seleniumhq/selenium/selenium-edge-driver/3.141.59/selenium-edge-driver-3.141.59.jar:/Users/Shared/Jenkins/.m2/repository/org/seleniumhq/selenium/selenium-firefox-driver/3.141.59/selenium-firefox-driver-3.141.59.jar:/Users/Shared/Jenkins/.m2/repository/org/seleniumhq/selenium/selenium-ie-driver/3.141.59/selenium-ie-driver-3.141.59.jar:/Users/Shared/Jenkins/.m2/repository/org/seleniumhq/selenium/selenium-opera-driver/3.141.59/selenium-opera-driver-3.141.59.jar:/Users/Shared/Jenkins/.m2/repository/org/seleniumhq/selenium/selenium-remote-driver/3.141.59/selenium-remote-driver-3.141.59.jar:/Users/Shared/Jenkins/.m2/repository/org/seleniumhq/selenium/selenium-safari-driver/3.141.59/selenium-safari-driver-3.141.59.jar:/Users/Shared/Jenkins/.m2/repository/org/seleniumhq/selenium/selenium-support/3.141.59/selenium-support-3.141.59.jar:/Users/Shared/Jenkins/.m2/repository/com/beust/jcommander/1.72/jcommander-1.72.jar:/Users/Shared/Jenkins/.m2/repository/net/bytebuddy/byte-buddy/1.8.15/byte-buddy-1.8.15.jar:/Users/Shared/Jenkins/.m2/repository/org/apache/commons/commons-exec/1.3/commons-exec-1.3.jar:/Users/Shared/Jenkins/.m2/repository/com/google/guava/guava/25.0-jre/guava-25.0-jre.jar:/Users/Shared/Jenkins/.m2/repository/com/google/code/findbugs/jsr305/1.3.9/jsr305-1.3.9.jar:/Users/Shared/Jenkins/.m2/repository/org/checkerframework/checker-compat-qual/2.0.0/checker-compat-qual-2.0.0.jar:/Users/Shared/Jenkins/.m2/repository/com/google/errorprone/error_prone_annotations/2.1.3/error_prone_annotations-2.1.3.jar:/Users/Shared/Jenkins/.m2/repository/com/google/j2objc/j2objc-annotations/1.1/j2objc-annotations-1.1.jar:/Users/Shared/Jenkins/.m2/repository/org/codehaus/mojo/animal-sniffer-annotations/1.14/animal-sniffer-annotations-1.14.jar:/Users/Shared/Jenkins/.m2/repository/net/jcip/jcip-annotations/1.0/jcip-annotations-1.0.jar:/Users/Shared/Jenkins/.m2/repository/org/seleniumhq/selenium/jetty-repacked/9.4.12.v20180830/jetty-repacked-9.4.12.v20180830.jar:/Users/Shared/Jenkins/.m2/repository/com/squareup/okhttp3/okhttp/3.11.0/okhttp-3.11.0.jar:/Users/Shared/Jenkins/.m2/repository/com/squareup/okio/okio/1.14.0/okio-1.14.0.jar:/Users/Shared/Jenkins/.m2/repository/javax/servlet/javax.servlet-api/3.1.0/javax.servlet-api-3.1.0.jar:/Users/Shared/Jenkins/.m2/repository/org/yaml/snakeyaml/1.19/snakeyaml-1.19.jar:/Users/Shared/Jenkins/.m2/repository/org/seleniumhq/selenium/selenium-java/3.141.59/selenium-java-3.141.59.jar:/Users/Shared/Jenkins/.m2/repository/io/cucumber/cucumber-java/4.8.0/cucumber-java-4.8.0.jar:/Users/Shared/Jenkins/.m2/repository/org/apiguardian/apiguardian-api/1.1.0/apiguardian-api-1.1.0.jar:/Users/Shared/Jenkins/.m2/repository/io/cucumber/cucumber-junit/4.8.0/cucumber-junit-4.8.0.jar:"/>
    <property name="java.vm.vendor" value="Oracle Corporation"/>
    <property name="sun.arch.data.model" value="64"/>
    <property name="java.vendor.url" value="http://java.oracle.com/"/>
    <property name="user.timezone" value=""/>
    <property name="java.vm.specification.version" value="1.8"/>
    <property name="os.name" value="Mac OS X"/>
    <property name="user.country" value="GB"/>
    <property name="sun.java.launcher" value="SUN_STANDARD"/>
    <property name="sun.boot.library.path" value="/Library/Java/JavaVirtualMachines/jdk1.8.0_221.jdk/Contents/Home/jre/lib"/>
    <property name="sun.java.command" value="/Users/Shared/Jenkins/Home/workspace/bankguru99/target/surefire/surefirebooter6037021409671225474.jar /Users/Shared/Jenkins/Home/workspace/bankguru99/target/surefire 2020-05-21T17-04-08_132-jvmRun1 surefire3320184291428482335tmp surefire_07648121856715947440tmp"/>
    <property name="http.nonProxyHosts" value="local|*.local|169.254/16|*.169.254/16"/>
    <property name="surefire.test.class.path" value="/Users/Shared/Jenkins/Home/workspace/bankguru99/target/test-classes:/Users/Shared/Jenkins/Home/workspace/bankguru99/target/classes:/Users/Shared/Jenkins/.m2/repository/junit/junit/4.12/junit-4.12.jar:/Users/Shared/Jenkins/.m2/repository/org/hamcrest/hamcrest-core/1.3/hamcrest-core-1.3.jar:/Users/Shared/Jenkins/.m2/repository/de/monochromata/cucumber/reporting-plugin/4.0.6/reporting-plugin-4.0.6.jar:/Users/Shared/Jenkins/.m2/repository/io/cucumber/cucumber-core/4.8.0/cucumber-core-4.8.0.jar:/Users/Shared/Jenkins/.m2/repository/io/cucumber/tag-expressions/1.1.1/tag-expressions-1.1.1.jar:/Users/Shared/Jenkins/.m2/repository/io/cucumber/cucumber-expressions/7.0.2/cucumber-expressions-7.0.2.jar:/Users/Shared/Jenkins/.m2/repository/io/cucumber/datatable/1.1.14/datatable-1.1.14.jar:/Users/Shared/Jenkins/.m2/repository/io/cucumber/datatable-dependencies/1.1.14/datatable-dependencies-1.1.14.jar:/Users/Shared/Jenkins/.m2/repository/io/cucumber/gherkin/5.1.0/gherkin-5.1.0.jar:/Users/Shared/Jenkins/.m2/repository/io/cucumber/gherkin-jvm-deps/1.0.4/gherkin-jvm-deps-1.0.4.jar:/Users/Shared/Jenkins/.m2/repository/net/masterthought/cucumber-reporting/5.0.1/cucumber-reporting-5.0.1.jar:/Users/Shared/Jenkins/.m2/repository/com/fasterxml/jackson/core/jackson-databind/2.10.1/jackson-databind-2.10.1.jar:/Users/Shared/Jenkins/.m2/repository/com/fasterxml/jackson/core/jackson-annotations/2.10.1/jackson-annotations-2.10.1.jar:/Users/Shared/Jenkins/.m2/repository/com/fasterxml/jackson/core/jackson-core/2.10.1/jackson-core-2.10.1.jar:/Users/Shared/Jenkins/.m2/repository/com/fasterxml/jackson/datatype/jackson-datatype-jsr310/2.10.1/jackson-datatype-jsr310-2.10.1.jar:/Users/Shared/Jenkins/.m2/repository/org/apache/velocity/velocity-engine-core/2.1/velocity-engine-core-2.1.jar:/Users/Shared/Jenkins/.m2/repository/commons-collections/commons-collections/3.2.2/commons-collections-3.2.2.jar:/Users/Shared/Jenkins/.m2/repository/joda-time/joda-time/2.10.2/joda-time-2.10.2.jar:/Users/Shared/Jenkins/.m2/repository/org/codehaus/plexus/plexus-utils/3.2.0/plexus-utils-3.2.0.jar:/Users/Shared/Jenkins/.m2/repository/com/googlecode/owasp-java-html-sanitizer/owasp-java-html-sanitizer/20190610.1/owasp-java-html-sanitizer-20190610.1.jar:/Users/Shared/Jenkins/.m2/repository/commons-configuration/commons-configuration/1.10/commons-configuration-1.10.jar:/Users/Shared/Jenkins/.m2/repository/commons-lang/commons-lang/2.6/commons-lang-2.6.jar:/Users/Shared/Jenkins/.m2/repository/io/github/bonigarcia/webdrivermanager/3.7.1/webdrivermanager-3.7.1.jar:/Users/Shared/Jenkins/.m2/repository/org/slf4j/slf4j-api/1.7.25/slf4j-api-1.7.25.jar:/Users/Shared/Jenkins/.m2/repository/commons-io/commons-io/2.6/commons-io-2.6.jar:/Users/Shared/Jenkins/.m2/repository/com/google/code/gson/gson/2.8.5/gson-2.8.5.jar:/Users/Shared/Jenkins/.m2/repository/org/apache/commons/commons-lang3/3.8.1/commons-lang3-3.8.1.jar:/Users/Shared/Jenkins/.m2/repository/org/apache/httpcomponents/httpclient/4.5.6/httpclient-4.5.6.jar:/Users/Shared/Jenkins/.m2/repository/org/apache/httpcomponents/httpcore/4.4.10/httpcore-4.4.10.jar:/Users/Shared/Jenkins/.m2/repository/commons-logging/commons-logging/1.2/commons-logging-1.2.jar:/Users/Shared/Jenkins/.m2/repository/commons-codec/commons-codec/1.10/commons-codec-1.10.jar:/Users/Shared/Jenkins/.m2/repository/org/rauschig/jarchivelib/1.0.0/jarchivelib-1.0.0.jar:/Users/Shared/Jenkins/.m2/repository/org/apache/commons/commons-compress/1.18/commons-compress-1.18.jar:/Users/Shared/Jenkins/.m2/repository/org/jsoup/jsoup/1.11.3/jsoup-1.11.3.jar:/Users/Shared/Jenkins/.m2/repository/org/seleniumhq/selenium/selenium-server/3.141.59/selenium-server-3.141.59.jar:/Users/Shared/Jenkins/.m2/repository/org/seleniumhq/selenium/selenium-api/3.141.59/selenium-api-3.141.59.jar:/Users/Shared/Jenkins/.m2/repository/org/seleniumhq/selenium/selenium-chrome-driver/3.141.59/selenium-chrome-driver-3.141.59.jar:/Users/Shared/Jenkins/.m2/repository/org/seleniumhq/selenium/selenium-edge-driver/3.141.59/selenium-edge-driver-3.141.59.jar:/Users/Shared/Jenkins/.m2/repository/org/seleniumhq/selenium/selenium-firefox-driver/3.141.59/selenium-firefox-driver-3.141.59.jar:/Users/Shared/Jenkins/.m2/repository/org/seleniumhq/selenium/selenium-ie-driver/3.141.59/selenium-ie-driver-3.141.59.jar:/Users/Shared/Jenkins/.m2/repository/org/seleniumhq/selenium/selenium-opera-driver/3.141.59/selenium-opera-driver-3.141.59.jar:/Users/Shared/Jenkins/.m2/repository/org/seleniumhq/selenium/selenium-remote-driver/3.141.59/selenium-remote-driver-3.141.59.jar:/Users/Shared/Jenkins/.m2/repository/org/seleniumhq/selenium/selenium-safari-driver/3.141.59/selenium-safari-driver-3.141.59.jar:/Users/Shared/Jenkins/.m2/repository/org/seleniumhq/selenium/selenium-support/3.141.59/selenium-support-3.141.59.jar:/Users/Shared/Jenkins/.m2/repository/com/beust/jcommander/1.72/jcommander-1.72.jar:/Users/Shared/Jenkins/.m2/repository/net/bytebuddy/byte-buddy/1.8.15/byte-buddy-1.8.15.jar:/Users/Shared/Jenkins/.m2/repository/org/apache/commons/commons-exec/1.3/commons-exec-1.3.jar:/Users/Shared/Jenkins/.m2/repository/com/google/guava/guava/25.0-jre/guava-25.0-jre.jar:/Users/Shared/Jenkins/.m2/repository/com/google/code/findbugs/jsr305/1.3.9/jsr305-1.3.9.jar:/Users/Shared/Jenkins/.m2/repository/org/checkerframework/checker-compat-qual/2.0.0/checker-compat-qual-2.0.0.jar:/Users/Shared/Jenkins/.m2/repository/com/google/errorprone/error_prone_annotations/2.1.3/error_prone_annotations-2.1.3.jar:/Users/Shared/Jenkins/.m2/repository/com/google/j2objc/j2objc-annotations/1.1/j2objc-annotations-1.1.jar:/Users/Shared/Jenkins/.m2/repository/org/codehaus/mojo/animal-sniffer-annotations/1.14/animal-sniffer-annotations-1.14.jar:/Users/Shared/Jenkins/.m2/repository/net/jcip/jcip-annotations/1.0/jcip-annotations-1.0.jar:/Users/Shared/Jenkins/.m2/repository/org/seleniumhq/selenium/jetty-repacked/9.4.12.v20180830/jetty-repacked-9.4.12.v20180830.jar:/Users/Shared/Jenkins/.m2/repository/com/squareup/okhttp3/okhttp/3.11.0/okhttp-3.11.0.jar:/Users/Shared/Jenkins/.m2/repository/com/squareup/okio/okio/1.14.0/okio-1.14.0.jar:/Users/Shared/Jenkins/.m2/repository/javax/servlet/javax.servlet-api/3.1.0/javax.servlet-api-3.1.0.jar:/Users/Shared/Jenkins/.m2/repository/org/yaml/snakeyaml/1.19/snakeyaml-1.19.jar:/Users/Shared/Jenkins/.m2/repository/org/seleniumhq/selenium/selenium-java/3.141.59/selenium-java-3.141.59.jar:/Users/Shared/Jenkins/.m2/repository/io/cucumber/cucumber-java/4.8.0/cucumber-java-4.8.0.jar:/Users/Shared/Jenkins/.m2/repository/org/apiguardian/apiguardian-api/1.1.0/apiguardian-api-1.1.0.jar:/Users/Shared/Jenkins/.m2/repository/io/cucumber/cucumber-junit/4.8.0/cucumber-junit-4.8.0.jar:"/>
    <property name="sun.cpu.endian" value="little"/>
    <property name="user.home" value="/Users/Shared/Jenkins"/>
    <property name="user.language" value="en"/>
    <property name="java.specification.vendor" value="Oracle Corporation"/>
    <property name="java.home" value="/Library/Java/JavaVirtualMachines/jdk1.8.0_221.jdk/Contents/Home/jre"/>
    <property name="basedir" value="/Users/Shared/Jenkins/Home/workspace/bankguru99"/>
    <property name="file.separator" value="/"/>
    <property name="line.separator" value="&#10;"/>
    <property name="java.vm.specification.vendor" value="Oracle Corporation"/>
    <property name="java.specification.name" value="Java Platform API Specification"/>
    <property name="java.awt.graphicsenv" value="sun.awt.CGraphicsEnvironment"/>
    <property name="java.awt.headless" value="true"/>
    <property name="surefire.real.class.path" value="/Users/Shared/Jenkins/Home/workspace/bankguru99/target/surefire/surefirebooter6037021409671225474.jar"/>
    <property name="sun.boot.class.path" value="/Library/Java/JavaVirtualMachines/jdk1.8.0_221.jdk/Contents/Home/jre/lib/resources.jar:/Library/Java/JavaVirtualMachines/jdk1.8.0_221.jdk/Contents/Home/jre/lib/rt.jar:/Library/Java/JavaVirtualMachines/jdk1.8.0_221.jdk/Contents/Home/jre/lib/sunrsasign.jar:/Library/Java/JavaVirtualMachines/jdk1.8.0_221.jdk/Contents/Home/jre/lib/jsse.jar:/Library/Java/JavaVirtualMachines/jdk1.8.0_221.jdk/Contents/Home/jre/lib/jce.jar:/Library/Java/JavaVirtualMachines/jdk1.8.0_221.jdk/Contents/Home/jre/lib/charsets.jar:/Library/Java/JavaVirtualMachines/jdk1.8.0_221.jdk/Contents/Home/jre/lib/jfr.jar:/Library/Java/JavaVirtualMachines/jdk1.8.0_221.jdk/Contents/Home/jre/classes"/>
    <property name="sun.management.compiler" value="HotSpot 64-Bit Tiered Compilers"/>
    <property name="ftp.nonProxyHosts" value="local|*.local|169.254/16|*.169.254/16"/>
    <property name="java.runtime.version" value="1.8.0_221-b11"/>
    <property name="user.name" value="jenkins"/>
    <property name="path.separator" value=":"/>
    <property name="os.version" value="10.15.4"/>
    <property name="java.endorsed.dirs" value="/Library/Java/JavaVirtualMachines/jdk1.8.0_221.jdk/Contents/Home/jre/lib/endorsed"/>
    <property name="java.runtime.name" value="Java(TM) SE Runtime Environment"/>
    <property name="file.encoding" value="UTF-8"/>
    <property name="java.vm.name" value="Java HotSpot(TM) 64-Bit Server VM"/>
    <property name="localRepository" value="/Users/Shared/Jenkins/.m2/repository"/>
    <property name="java.vendor.url.bug" value="http://bugreport.sun.com/bugreport/"/>
    <property name="java.io.tmpdir" value="/var/folders/_y/5bvrg08d1qnbn2xn43c79znw00008g/T/"/>
    <property name="java.version" value="1.8.0_221"/>
    <property name="user.dir" value="/Users/Shared/Jenkins/Home/workspace/bankguru99"/>
    <property name="os.arch" value="x86_64"/>
    <property name="java.vm.specification.name" value="Java Virtual Machine Specification"/>
    <property name="java.awt.printerjob" value="sun.lwawt.macosx.CPrinterJob"/>
    <property name="sun.os.patch.level" value="unknown"/>
    <property name="java.library.path" value="/Users/Shared/Jenkins/Library/Java/Extensions:/Library/Java/Extensions:/Network/Library/Java/Extensions:/System/Library/Java/Extensions:/usr/lib/java:."/>
    <property name="java.vm.info" value="mixed mode"/>
    <property name="java.vendor" value="Oracle Corporation"/>
    <property name="java.vm.version" value="25.221-b11"/>
    <property name="java.ext.dirs" value="/Users/Shared/Jenkins/Library/Java/Extensions:/Library/Java/JavaVirtualMachines/jdk1.8.0_221.jdk/Contents/Home/jre/lib/ext:/Library/Java/Extensions:/Network/Library/Java/Extensions:/System/Library/Java/Extensions:/usr/lib/java"/>
    <property name="sun.io.unicode.encoding" value="UnicodeBig"/>
    <property name="java.class.version" value="52.0"/>
    <property name="socksNonProxyHosts" value="local|*.local|169.254/16|*.169.254/16"/>
  </properties>
  <testcase name="verifying user can successfully login with valid user name and password" classname="user credentials" time="25.019">
    <error message="com.guru99.pages.HomePage.clickOnLoginButton()Lcom/guru99/pages/ManagerHomePage;" type="java.lang.NoSuchMethodError">java.lang.NoSuchMethodError: com.guru99.pages.HomePage.clickOnLoginButton()Lcom/guru99/pages/ManagerHomePage;
</error>
    <system-out><![CDATA[Feature: user credentials
  as a customer
  i want the ability to successfully login into guru99 website

  Scenario: verifying user can successfully login with valid user name and password &amp#27;[90m# src/test/java/com/guru99/features/logFunctionality.feature:6&amp#27;[0m
    &amp#27;[32mGiven &amp#27;[0m&amp#27;[32mi navigate to guru&amp#27;[0m&amp#27;[32m&amp#27;[1m99&amp#27;[0m&amp#27;[32m webPage&amp#27;[0m                                              &amp#27;[90m# logFunctionalitySteps.i_navigate_to_guru_webPage(Integer)&amp#27;[0m
    &amp#27;[32mWhen &amp#27;[0m&amp#27;[32menter vaild user name&amp#27;[0m                                                      &amp#27;[90m# logFunctionalitySteps.enter_vaild_user_name()&amp#27;[0m
    &amp#27;[32mAnd &amp#27;[0m&amp#27;[32menter valid password&amp#27;[0m                                                        &amp#27;[90m# logFunctionalitySteps.enter_valid_password()&amp#27;[0m
    &amp#27;[31mAnd &amp#27;[0m&amp#27;[31mclick on login button&amp#27;[0m                                                       &amp#27;[90m# logFunctionalitySteps.click_on_login_button()&amp#27;[0m
      &amp#27;[31mjava.lang.NoSuchMethodError: com.guru99.pages.HomePage.clickOnLoginButton()Lcom/guru99/pages/ManagerHomePage;
	at com.guru99.stepDefinitions.logFunctionalitySteps.click_on_login_button(logFunctionalitySteps.java:38)
	at ✽.click on login button(file:src/test/java/com/guru99/features/logFunctionality.feature:11)
&amp#27;[0m
    &amp#27;[36mThen &amp#27;[0m&amp#27;[36muser is logged in&amp#27;[0m                                                          &amp#27;[90m# logFunctionalitySteps.user_is_logged_in()&amp#27;[0m
]]></system-out>
    <system-err><![CDATA[SLF4J: Failed to load class "org.slf4j.impl.StaticLoggerBinder".
SLF4J: Defaulting to no-operation (NOP) logger implementation
SLF4J: See http://www.slf4j.org/codes.html#StaticLoggerBinder for further details.
Starting ChromeDriver 81.0.4044.138 (8c6c7ba89cc9453625af54f11fd83179e23450fa-refs/branch-heads/4044@{#999}) on port 23040
Only local connections are allowed.
Please protect ports used by ChromeDriver and related test frameworks to prevent access by malicious code.
May 21, 2020 5:04:20 PM org.openqa.selenium.remote.ProtocolHandshake createSession
INFO: Detected dialect: W3C
[1590077066.620][SEVERE]: Timed out receiving message from renderer: 0.100
]]></system-err>
  </testcase>
</testsuite>